[2026-07-09T01:32:02.292Z] Plugin initialized: 8 commands [
  "doc-refactor",
  "push-all",
  "unit-test-expand",
  "setup-ci-cd",
  "pr",
  "optimize",
  "generate-api-docs",
  "commit"
]
[2026-07-09T01:32:02.292Z] Registered /subtask command
[2026-07-09T01:32:06.865Z] message-hooks: ENTRY msgCount=1, sessions=ses_0bb7f1b0cffextnswlg2vk96CI
[2026-07-09T01:32:06.865Z] message-hooks: MESSAGES: [0]user: text:""Add TSDoc doc comments to specific expo..."
[2026-07-09T01:32:06.865Z] message-hooks: post-filter, msgCount=1
[2026-07-09T01:32:06.865Z] message-hooks: about to search for OPENCODE_GENERIC
[2026-07-09T01:32:06.865Z] message-hooks: searching 1 messages for OPENCODE_GENERIC
[2026-07-09T01:32:06.865Z] message-hooks: generic search complete, found=false, index=-1
[2026-07-09T01:32:06.865Z] message-hooks: no generic part found, checking for pending prompt return
[2026-07-09T01:32:34.303Z] message-hooks: ENTRY msgCount=2, sessions=ses_0bb7f1b0cffextnswlg2vk96CI
[2026-07-09T01:32:34.303Z] message-hooks: MESSAGES: [0]user: text:""Add TSDoc doc comments to specific expo..." | [1]assistant: step-start, reasoning, tool:completed, tool:completed, step-finish, patch
[2026-07-09T01:32:34.303Z] message-hooks: post-filter, msgCount=2
[2026-07-09T01:32:34.303Z] message-hooks: about to search for OPENCODE_GENERIC
[2026-07-09T01:32:34.303Z] message-hooks: searching 2 messages for OPENCODE_GENERIC
[2026-07-09T01:32:34.303Z] message-hooks: generic search complete, found=false, index=-1
[2026-07-09T01:32:34.303Z] message-hooks: no generic part found, checking for pending prompt return
[2026-07-09T01:32:43.156Z] message-hooks: ENTRY msgCount=3, sessions=ses_0bb7f1b0cffextnswlg2vk96CI
[2026-07-09T01:32:43.156Z] message-hooks: MESSAGES: [0]user: text:""Add TSDoc doc comments to specific expo..." | [1]assistant: step-start, reasoning, tool:completed, tool:completed, step-finish, patch | [2]assistant: step-start, reasoning, tool:completed, tool:completed, tool:completed, tool:completed, tool:completed, tool:completed, tool:completed, tool:completed, tool:completed, tool:completed, step-finish, patch
[2026-07-09T01:32:43.156Z] message-hooks: post-filter, msgCount=3
[2026-07-09T01:32:43.156Z] message-hooks: about to search for OPENCODE_GENERIC
[2026-07-09T01:32:43.156Z] message-hooks: searching 3 messages for OPENCODE_GENERIC
[2026-07-09T01:32:43.156Z] message-hooks: generic search complete, found=false, index=-1
[2026-07-09T01:32:43.156Z] message-hooks: no generic part found, checking for pending prompt return
[2026-07-09T01:32:46.033Z] message-hooks: ENTRY msgCount=4, sessions=ses_0bb7f1b0cffextnswlg2vk96CI
[2026-07-09T01:32:46.033Z] message-hooks: MESSAGES: [0]user: text:""Add TSDoc doc comments to specific expo..." | [1]assistant: step-start, reasoning, tool:completed, tool:completed, step-finish, patch | [2]assistant: step-start, reasoning, tool:completed, tool:completed, tool:completed, tool:completed, tool:completed, tool:completed, tool:completed, tool:completed, tool:completed, tool:completed, step-finish, patch | [3]assistant: step-start, reasoning, tool:completed, step-finish, patch
[2026-07-09T01:32:46.033Z] message-hooks: post-filter, msgCount=4
[2026-07-09T01:32:46.033Z] message-hooks: about to search for OPENCODE_GENERIC
[2026-07-09T01:32:46.033Z] message-hooks: searching 4 messages for OPENCODE_GENERIC
[2026-07-09T01:32:46.033Z] message-hooks: generic search complete, found=false, index=-1
[2026-07-09T01:32:46.033Z] message-hooks: no generic part found, checking for pending prompt return
[2026-07-09T01:32:51.206Z] message-hooks: ENTRY msgCount=5, sessions=ses_0bb7f1b0cffextnswlg2vk96CI
[2026-07-09T01:32:51.206Z] message-hooks: MESSAGES: [0]user: text:""Add TSDoc doc comments to specific expo..." | [1]assistant: step-start, reasoning, tool:completed, tool:completed, step-finish, patch | [2]assistant: step-start, reasoning, tool:completed, tool:completed, tool:completed, tool:completed, tool:completed, tool:completed, tool:completed, tool:completed, tool:completed, tool:completed, step-finish, patch | [3]assistant: step-start, reasoning, tool:completed, step-finish, patch | [4]assistant: step-start, reasoning, tool:completed, tool:completed, tool:completed, tool:completed, tool:completed, tool:completed, tool:completed, tool:completed, tool:completed, tool:completed, step-finish, patch
[2026-07-09T01:32:51.207Z] message-hooks: post-filter, msgCount=5
[2026-07-09T01:32:51.207Z] message-hooks: about to search for OPENCODE_GENERIC
[2026-07-09T01:32:51.207Z] message-hooks: searching 5 messages for OPENCODE_GENERIC
[2026-07-09T01:32:51.207Z] message-hooks: generic search complete, found=false, index=-1
[2026-07-09T01:32:51.207Z] message-hooks: no generic part found, checking for pending prompt return
[2026-07-09T01:32:56.722Z] message-hooks: ENTRY msgCount=6, sessions=ses_0bb7f1b0cffextnswlg2vk96CI
[2026-07-09T01:32:56.722Z] message-hooks: MESSAGES: [0]user: text:""Add TSDoc doc comments to specific expo..." | [1]assistant: step-start, reasoning, tool:completed, tool:completed, step-finish, patch | [2]assistant: step-start, reasoning, tool:completed, tool:completed, tool:completed, tool:completed, tool:completed, tool:completed, tool:completed, tool:completed, tool:completed, tool:completed, step-finish, patch | [3]assistant: step-start, reasoning, tool:completed, step-finish, patch | [4]assistant: step-start, reasoning, tool:completed, tool:completed, tool:completed, tool:completed, tool:completed, tool:completed, tool:completed, tool:completed, tool:completed, tool:completed, step-finish, patch | [5]assistant: step-start, reasoning, tool:completed, tool:completed, tool:completed, tool:completed, tool:completed, tool:completed, tool:completed, tool:completed, tool:completed, tool:completed, step-finish, patch
[2026-07-09T01:32:56.722Z] message-hooks: post-filter, msgCount=6
[2026-07-09T01:32:56.722Z] message-hooks: about to search for OPENCODE_GENERIC
[2026-07-09T01:32:56.722Z] message-hooks: searching 6 messages for OPENCODE_GENERIC
[2026-07-09T01:32:56.722Z] message-hooks: generic search complete, found=false, index=-1
[2026-07-09T01:32:56.722Z] message-hooks: no generic part found, checking for pending prompt return
[2026-07-09T01:33:01.362Z] message-hooks: ENTRY msgCount=7, sessions=ses_0bb7f1b0cffextnswlg2vk96CI
[2026-07-09T01:33:01.362Z] message-hooks: MESSAGES: [0]user: text:""Add TSDoc doc comments to specific expo..." | [1]assistant: step-start, reasoning, tool:completed, tool:completed, step-finish, patch | [2]assistant: step-start, reasoning, tool:completed, tool:completed, tool:completed, tool:completed, tool:completed, tool:completed, tool:completed, tool:completed, tool:completed, tool:completed, step-finish, patch | [3]assistant: step-start, reasoning, tool:completed, step-finish, patch | [4]assistant: step-start, reasoning, tool:completed, tool:completed, tool:completed, tool:completed, tool:completed, tool:completed, tool:completed, tool:completed, tool:completed, tool:completed, step-finish, patch | [5]assistant: step-start, reasoning, tool:completed, tool:completed, tool:completed, tool:completed, tool:completed, tool:completed, tool:completed, tool:completed, tool:completed, tool:completed, step-finish, patch | [6]assistant: step-start, reasoning, tool:completed, tool:completed, tool:completed, tool:completed, tool:completed, tool:completed, tool:completed, tool:completed, tool:completed, step-finish, patch
[2026-07-09T01:33:01.362Z] message-hooks: post-filter, msgCount=7
[2026-07-09T01:33:01.362Z] message-hooks: about to search for OPENCODE_GENERIC
[2026-07-09T01:33:01.362Z] message-hooks: searching 7 messages for OPENCODE_GENERIC
[2026-07-09T01:33:01.362Z] message-hooks: generic search complete, found=false, index=-1
[2026-07-09T01:33:01.362Z] message-hooks: no generic part found, checking for pending prompt return
[2026-07-09T01:33:50.966Z] message-hooks: ENTRY msgCount=8, sessions=ses_0bb7f1b0cffextnswlg2vk96CI
[2026-07-09T01:33:50.966Z] message-hooks: MESSAGES: [0]user: text:""Add TSDoc doc comments to specific expo..." | [1]assistant: step-start, reasoning, tool:completed, tool:completed, step-finish, patch | [2]assistant: step-start, reasoning, tool:completed, tool:completed, tool:completed, tool:completed, tool:completed, tool:completed, tool:completed, tool:completed, tool:completed, tool:completed, step-finish, patch | [3]assistant: step-start, reasoning, tool:completed, step-finish, patch | [4]assistant: step-start, reasoning, tool:completed, tool:completed, tool:completed, tool:completed, tool:completed, tool:completed, tool:completed, tool:completed, tool:completed, tool:completed, step-finish, patch | [5]assistant: step-start, reasoning, tool:completed, tool:completed, tool:completed, tool:completed, tool:completed, tool:completed, tool:completed, tool:completed, tool:completed, tool:completed, step-finish, patch | [6]assistant: step-start, reasoning, tool:completed, tool:completed, tool:completed, tool:completed, tool:completed, tool:completed, tool:completed, tool:completed, tool:completed, step-finish, patch | [7]assistant: step-start, reasoning, text:"Now I have all the source code. This is ...", tool:completed, step-finish, patch
[2026-07-09T01:33:50.966Z] message-hooks: post-filter, msgCount=8
[2026-07-09T01:33:50.966Z] message-hooks: about to search for OPENCODE_GENERIC
[2026-07-09T01:33:50.966Z] message-hooks: searching 8 messages for OPENCODE_GENERIC
[2026-07-09T01:33:50.966Z] message-hooks: generic search complete, found=false, index=-1
[2026-07-09T01:33:50.966Z] message-hooks: no generic part found, checking for pending prompt return
[2026-07-09T01:33:57.444Z] message-hooks: ENTRY msgCount=9, sessions=ses_0bb7f1b0cffextnswlg2vk96CI
[2026-07-09T01:33:57.444Z] message-hooks: MESSAGES: [0]user: text:""Add TSDoc doc comments to specific expo..." | [1]assistant: step-start, reasoning, tool:completed, tool:completed, step-finish, patch | [2]assistant: step-start, reasoning, tool:completed, tool:completed, tool:completed, tool:completed, tool:completed, tool:completed, tool:completed, tool:completed, tool:completed, tool:completed, step-finish, patch | [3]assistant: step-start, reasoning, tool:completed, step-finish, patch | [4]assistant: step-start, reasoning, tool:completed, tool:completed, tool:completed, tool:completed, tool:completed, tool:completed, tool:completed, tool:completed, tool:completed, tool:completed, step-finish, patch | [5]assistant: step-start, reasoning, tool:completed, tool:completed, tool:completed, tool:completed, tool:completed, tool:completed, tool:completed, tool:completed, tool:completed, tool:completed, step-finish, patch | [6]assistant: step-start, reasoning, tool:completed, tool:completed, tool:completed, tool:completed, tool:completed, tool:completed, tool:completed, tool:completed, tool:completed, step-finish, patch | [7]assistant: step-start, reasoning, text:"Now I have all the source code. This is ...", tool:completed, step-finish, patch | [8]assistant: step-start, reasoning, tool:completed, step-finish, patch
[2026-07-09T01:33:57.444Z] message-hooks: post-filter, msgCount=9
[2026-07-09T01:33:57.444Z] message-hooks: about to search for OPENCODE_GENERIC
[2026-07-09T01:33:57.444Z] message-hooks: searching 9 messages for OPENCODE_GENERIC
[2026-07-09T01:33:57.444Z] message-hooks: generic search complete, found=false, index=-1
[2026-07-09T01:33:57.444Z] message-hooks: no generic part found, checking for pending prompt return
[2026-07-09T01:35:39.476Z] message-hooks: ENTRY msgCount=10, sessions=ses_0bb7f1b0cffextnswlg2vk96CI
[2026-07-09T01:35:39.476Z] message-hooks: MESSAGES: [0]user: text:""Add TSDoc doc comments to specific expo..." | [1]assistant: step-start, reasoning, tool:completed, tool:completed, step-finish, patch | [2]assistant: step-start, reasoning, tool:completed, tool:completed, tool:completed, tool:completed, tool:completed, tool:completed, tool:completed, tool:completed, tool:completed, tool:completed, step-finish, patch | [3]assistant: step-start, reasoning, tool:completed, step-finish, patch | [4]assistant: step-start, reasoning, tool:completed, tool:completed, tool:completed, tool:completed, tool:completed, tool:completed, tool:completed, tool:completed, tool:completed, tool:completed, step-finish, patch | [5]assistant: step-start, reasoning, tool:completed, tool:completed, tool:completed, tool:completed, tool:completed, tool:completed, tool:completed, tool:completed, tool:completed, tool:completed, step-finish, patch | [6]assistant: step-start, reasoning, tool:completed, tool:completed, tool:completed, tool:completed, tool:completed, tool:completed, tool:completed, tool:completed, tool:completed, step-finish, patch | [7]assistant: step-start, reasoning, text:"Now I have all the source code. This is ...", tool:completed, step-finish, patch | [8]assistant: step-start, reasoning, tool:completed, step-finish, patch | [9]assistant: step-start, reasoning, text:"Let me write a script to do all modifica...", tool:completed, step-finish, patch
[2026-07-09T01:35:39.476Z] message-hooks: post-filter, msgCount=10
[2026-07-09T01:35:39.476Z] message-hooks: about to search for OPENCODE_GENERIC
[2026-07-09T01:35:39.476Z] message-hooks: searching 10 messages for OPENCODE_GENERIC
[2026-07-09T01:35:39.476Z] message-hooks: generic search complete, found=false, index=-1
[2026-07-09T01:35:39.476Z] message-hooks: no generic part found, checking for pending prompt return
[2026-07-09T01:35:43.033Z] message-hooks: ENTRY msgCount=11, sessions=ses_0bb7f1b0cffextnswlg2vk96CI
[2026-07-09T01:35:43.033Z] message-hooks: MESSAGES: [0]user: text:""Add TSDoc doc comments to specific expo..." | [1]assistant: step-start, reasoning, tool:completed, tool:completed, step-finish, patch | [2]assistant: step-start, reasoning, tool:completed, tool:completed, tool:completed, tool:completed, tool:completed, tool:completed, tool:completed, tool:completed, tool:completed, tool:completed, step-finish, patch | [3]assistant: step-start, reasoning, tool:completed, step-finish, patch | [4]assistant: step-start, reasoning, tool:completed, tool:completed, tool:completed, tool:completed, tool:completed, tool:completed, tool:completed, tool:completed, tool:completed, tool:completed, step-finish, patch | [5]assistant: step-start, reasoning, tool:completed, tool:completed, tool:completed, tool:completed, tool:completed, tool:completed, tool:completed, tool:completed, tool:completed, tool:completed, step-finish, patch | [6]assistant: step-start, reasoning, tool:completed, tool:completed, tool:completed, tool:completed, tool:completed, tool:completed, tool:completed, tool:completed, tool:completed, step-finish, patch | [7]assistant: step-start, reasoning, text:"Now I have all the source code. This is ...", tool:completed, step-finish, patch | [8]assistant: step-start, reasoning, tool:completed, step-finish, patch | [9]assistant: step-start, reasoning, text:"Let me write a script to do all modifica...", tool:completed, step-finish, patch | [10]assistant: step-start, reasoning, tool:completed, step-finish, patch
[2026-07-09T01:35:43.033Z] message-hooks: post-filter, msgCount=11
[2026-07-09T01:35:43.033Z] message-hooks: about to search for OPENCODE_GENERIC
[2026-07-09T01:35:43.033Z] message-hooks: searching 11 messages for OPENCODE_GENERIC
[2026-07-09T01:35:43.033Z] message-hooks: generic search complete, found=false, index=-1
[2026-07-09T01:35:43.033Z] message-hooks: no generic part found, checking for pending prompt return
[2026-07-09T01:36:01.718Z] message-hooks: ENTRY msgCount=12, sessions=ses_0bb7f1b0cffextnswlg2vk96CI
[2026-07-09T01:36:01.718Z] message-hooks: MESSAGES: [0]user: text:""Add TSDoc doc comments to specific expo..." | [1]assistant: step-start, reasoning, tool:completed, tool:completed, step-finish, patch | [2]assistant: step-start, reasoning, tool:completed, tool:completed, tool:completed, tool:completed, tool:completed, tool:completed, tool:completed, tool:completed, tool:completed, tool:completed, step-finish, patch | [3]assistant: step-start, reasoning, tool:completed, step-finish, patch | [4]assistant: step-start, reasoning, tool:completed, tool:completed, tool:completed, tool:completed, tool:completed, tool:completed, tool:completed, tool:completed, tool:completed, tool:completed, step-finish, patch | [5]assistant: step-start, reasoning, tool:completed, tool:completed, tool:completed, tool:completed, tool:completed, tool:completed, tool:completed, tool:completed, tool:completed, tool:completed, step-finish, patch | [6]assistant: step-start, reasoning, tool:completed, tool:completed, tool:completed, tool:completed, tool:completed, tool:completed, tool:completed, tool:completed, tool:completed, step-finish, patch | [7]assistant: step-start, reasoning, text:"Now I have all the source code. This is ...", tool:completed, step-finish, patch | [8]assistant: step-start, reasoning, tool:completed, step-finish, patch | [9]assistant: step-start, reasoning, text:"Let me write a script to do all modifica...", tool:completed, step-finish, patch | [10]assistant: step-start, reasoning, tool:completed, step-finish, patch | [11]assistant: step-start, reasoning, text:"Good — 89 patched + 1 expected skip (`cr...", tool:completed, step-finish, patch
[2026-07-09T01:36:01.718Z] message-hooks: post-filter, msgCount=12
[2026-07-09T01:36:01.718Z] message-hooks: about to search for OPENCODE_GENERIC
[2026-07-09T01:36:01.718Z] message-hooks: searching 12 messages for OPENCODE_GENERIC
[2026-07-09T01:36:01.718Z] message-hooks: generic search complete, found=false, index=-1
[2026-07-09T01:36:01.718Z] message-hooks: no generic part found, checking for pending prompt return
[2026-07-09T01:36:11.827Z] message-hooks: ENTRY msgCount=13, sessions=ses_0bb7f1b0cffextnswlg2vk96CI
[2026-07-09T01:36:11.827Z] message-hooks: MESSAGES: [0]user: text:""Add TSDoc doc comments to specific expo..." | [1]assistant: step-start, reasoning, tool:completed, tool:completed, step-finish, patch | [2]assistant: step-start, reasoning, tool:completed, tool:completed, tool:completed, tool:completed, tool:completed, tool:completed, tool:completed, tool:completed, tool:completed, tool:completed, step-finish, patch | [3]assistant: step-start, reasoning, tool:completed, step-finish, patch | [4]assistant: step-start, reasoning, tool:completed, tool:completed, tool:completed, tool:completed, tool:completed, tool:completed, tool:completed, tool:completed, tool:completed, tool:completed, step-finish, patch | [5]assistant: step-start, reasoning, tool:completed, tool:completed, tool:completed, tool:completed, tool:completed, tool:completed, tool:completed, tool:completed, tool:completed, tool:completed, step-finish, patch | [6]assistant: step-start, reasoning, tool:completed, tool:completed, tool:completed, tool:completed, tool:completed, tool:completed, tool:completed, tool:completed, tool:completed, step-finish, patch | [7]assistant: step-start, reasoning, text:"Now I have all the source code. This is ...", tool:completed, step-finish, patch | [8]assistant: step-start, reasoning, tool:completed, step-finish, patch | [9]assistant: step-start, reasoning, text:"Let me write a script to do all modifica...", tool:completed, step-finish, patch | [10]assistant: step-start, reasoning, tool:completed, step-finish, patch | [11]assistant: step-start, reasoning, text:"Good — 89 patched + 1 expected skip (`cr...", tool:completed, step-finish, patch | [12]assistant: step-start, reasoning, text:"I see two typos in my script — `//**` in...", tool:completed, step-finish, patch
[2026-07-09T01:36:11.827Z] message-hooks: post-filter, msgCount=13
[2026-07-09T01:36:11.827Z] message-hooks: about to search for OPENCODE_GENERIC
[2026-07-09T01:36:11.827Z] message-hooks: searching 13 messages for OPENCODE_GENERIC
[2026-07-09T01:36:11.827Z] message-hooks: generic search complete, found=false, index=-1
[2026-07-09T01:36:11.827Z] message-hooks: no generic part found, checking for pending prompt return
[2026-07-09T01:36:17.233Z] message-hooks: ENTRY msgCount=14, sessions=ses_0bb7f1b0cffextnswlg2vk96CI
[2026-07-09T01:36:17.233Z] message-hooks: MESSAGES: [0]user: text:""Add TSDoc doc comments to specific expo..." | [1]assistant: step-start, reasoning, tool:completed, tool:completed, step-finish, patch | [2]assistant: step-start, reasoning, tool:completed, tool:completed, tool:completed, tool:completed, tool:completed, tool:completed, tool:completed, tool:completed, tool:completed, tool:completed, step-finish, patch | [3]assistant: step-start, reasoning, tool:completed, step-finish, patch | [4]assistant: step-start, reasoning, tool:completed, tool:completed, tool:completed, tool:completed, tool:completed, tool:completed, tool:completed, tool:completed, tool:completed, tool:completed, step-finish, patch | [5]assistant: step-start, reasoning, tool:completed, tool:completed, tool:completed, tool:completed, tool:completed, tool:completed, tool:completed, tool:completed, tool:completed, tool:completed, step-finish, patch | [6]assistant: step-start, reasoning, tool:completed, tool:completed, tool:completed, tool:completed, tool:completed, tool:completed, tool:completed, tool:completed, tool:completed, step-finish, patch | [7]assistant: step-start, reasoning, text:"Now I have all the source code. This is ...", tool:completed, step-finish, patch | [8]assistant: step-start, reasoning, tool:completed, step-finish, patch | [9]assistant: step-start, reasoning, text:"Let me write a script to do all modifica...", tool:completed, step-finish, patch | [10]assistant: step-start, reasoning, tool:completed, step-finish, patch | [11]assistant: step-start, reasoning, text:"Good — 89 patched + 1 expected skip (`cr...", tool:completed, step-finish, patch | [12]assistant: step-start, reasoning, text:"I see two typos in my script — `//**` in...", tool:completed, step-finish, patch | [13]assistant: step-start, reasoning, tool:completed, tool:completed, step-finish, patch
[2026-07-09T01:36:17.233Z] message-hooks: post-filter, msgCount=14
[2026-07-09T01:36:17.233Z] message-hooks: about to search for OPENCODE_GENERIC
[2026-07-09T01:36:17.233Z] message-hooks: searching 14 messages for OPENCODE_GENERIC
[2026-07-09T01:36:17.233Z] message-hooks: generic search complete, found=false, index=-1
[2026-07-09T01:36:17.233Z] message-hooks: no generic part found, checking for pending prompt return
[2026-07-09T01:36:21.465Z] message-hooks: ENTRY msgCount=15, sessions=ses_0bb7f1b0cffextnswlg2vk96CI
[2026-07-09T01:36:21.465Z] message-hooks: MESSAGES: [0]user: text:""Add TSDoc doc comments to specific expo..." | [1]assistant: step-start, reasoning, tool:completed, tool:completed, step-finish, patch | [2]assistant: step-start, reasoning, tool:completed, tool:completed, tool:completed, tool:completed, tool:completed, tool:completed, tool:completed, tool:completed, tool:completed, tool:completed, step-finish, patch | [3]assistant: step-start, reasoning, tool:completed, step-finish, patch | [4]assistant: step-start, reasoning, tool:completed, tool:completed, tool:completed, tool:completed, tool:completed, tool:completed, tool:completed, tool:completed, tool:completed, tool:completed, step-finish, patch | [5]assistant: step-start, reasoning, tool:completed, tool:completed, tool:completed, tool:completed, tool:completed, tool:completed, tool:completed, tool:completed, tool:completed, tool:completed, step-finish, patch | [6]assistant: step-start, reasoning, tool:completed, tool:completed, tool:completed, tool:completed, tool:completed, tool:completed, tool:completed, tool:completed, tool:completed, step-finish, patch | [7]assistant: step-start, reasoning, text:"Now I have all the source code. This is ...", tool:completed, step-finish, patch | [8]assistant: step-start, reasoning, tool:completed, step-finish, patch | [9]assistant: step-start, reasoning, text:"Let me write a script to do all modifica...", tool:completed, step-finish, patch | [10]assistant: step-start, reasoning, tool:completed, step-finish, patch | [11]assistant: step-start, reasoning, text:"Good — 89 patched + 1 expected skip (`cr...", tool:completed, step-finish, patch | [12]assistant: step-start, reasoning, text:"I see two typos in my script — `//**` in...", tool:completed, step-finish, patch | [13]assistant: step-start, reasoning, tool:completed, tool:completed, step-finish, patch | [14]assistant: step-start, reasoning, text:"Now let me run typecheck to verify every...", tool:completed, step-finish, patch
[2026-07-09T01:36:21.465Z] message-hooks: post-filter, msgCount=15
[2026-07-09T01:36:21.465Z] message-hooks: about to search for OPENCODE_GENERIC
[2026-07-09T01:36:21.465Z] message-hooks: searching 15 messages for OPENCODE_GENERIC
[2026-07-09T01:36:21.465Z] message-hooks: generic search complete, found=false, index=-1
[2026-07-09T01:36:21.465Z] message-hooks: no generic part found, checking for pending prompt return
[2026-07-09T01:36:26.128Z] message-hooks: ENTRY msgCount=16, sessions=ses_0bb7f1b0cffextnswlg2vk96CI
[2026-07-09T01:36:26.128Z] message-hooks: MESSAGES: [0]user: text:""Add TSDoc doc comments to specific expo..." | [1]assistant: step-start, reasoning, tool:completed, tool:completed, step-finish, patch | [2]assistant: step-start, reasoning, tool:completed, tool:completed, tool:completed, tool:completed, tool:completed, tool:completed, tool:completed, tool:completed, tool:completed, tool:completed, step-finish, patch | [3]assistant: step-start, reasoning, tool:completed, step-finish, patch | [4]assistant: step-start, reasoning, tool:completed, tool:completed, tool:completed, tool:completed, tool:completed, tool:completed, tool:completed, tool:completed, tool:completed, tool:completed, step-finish, patch | [5]assistant: step-start, reasoning, tool:completed, tool:completed, tool:completed, tool:completed, tool:completed, tool:completed, tool:completed, tool:completed, tool:completed, tool:completed, step-finish, patch | [6]assistant: step-start, reasoning, tool:completed, tool:completed, tool:completed, tool:completed, tool:completed, tool:completed, tool:completed, tool:completed, tool:completed, step-finish, patch | [7]assistant: step-start, reasoning, text:"Now I have all the source code. This is ...", tool:completed, step-finish, patch | [8]assistant: step-start, reasoning, tool:completed, step-finish, patch | [9]assistant: step-start, reasoning, text:"Let me write a script to do all modifica...", tool:completed, step-finish, patch | [10]assistant: step-start, reasoning, tool:completed, step-finish, patch | [11]assistant: step-start, reasoning, text:"Good — 89 patched + 1 expected skip (`cr...", tool:completed, step-finish, patch | [12]assistant: step-start, reasoning, text:"I see two typos in my script — `//**` in...", tool:completed, step-finish, patch | [13]assistant: step-start, reasoning, tool:completed, tool:completed, step-finish, patch | [14]assistant: step-start, reasoning, text:"Now let me run typecheck to verify every...", tool:completed, step-finish, patch | [15]assistant: step-start, reasoning, tool:completed, step-finish, patch
[2026-07-09T01:36:26.128Z] message-hooks: post-filter, msgCount=16
[2026-07-09T01:36:26.128Z] message-hooks: about to search for OPENCODE_GENERIC
[2026-07-09T01:36:26.128Z] message-hooks: searching 16 messages for OPENCODE_GENERIC
[2026-07-09T01:36:26.128Z] message-hooks: generic search complete, found=false, index=-1
[2026-07-09T01:36:26.128Z] message-hooks: no generic part found, checking for pending prompt return
[2026-07-09T01:36:30.115Z] message-hooks: ENTRY msgCount=17, sessions=ses_0bb7f1b0cffextnswlg2vk96CI
[2026-07-09T01:36:30.115Z] message-hooks: MESSAGES: [0]user: text:""Add TSDoc doc comments to specific expo..." | [1]assistant: step-start, reasoning, tool:completed, tool:completed, step-finish, patch | [2]assistant: step-start, reasoning, tool:completed, tool:completed, tool:completed, tool:completed, tool:completed, tool:completed, tool:completed, tool:completed, tool:completed, tool:completed, step-finish, patch | [3]assistant: step-start, reasoning, tool:completed, step-finish, patch | [4]assistant: step-start, reasoning, tool:completed, tool:completed, tool:completed, tool:completed, tool:completed, tool:completed, tool:completed, tool:completed, tool:completed, tool:completed, step-finish, patch | [5]assistant: step-start, reasoning, tool:completed, tool:completed, tool:completed, tool:completed, tool:completed, tool:completed, tool:completed, tool:completed, tool:completed, tool:completed, step-finish, patch | [6]assistant: step-start, reasoning, tool:completed, tool:completed, tool:completed, tool:completed, tool:completed, tool:completed, tool:completed, tool:completed, tool:completed, step-finish, patch | [7]assistant: step-start, reasoning, text:"Now I have all the source code. This is ...", tool:completed, step-finish, patch | [8]assistant: step-start, reasoning, tool:completed, step-finish, patch | [9]assistant: step-start, reasoning, text:"Let me write a script to do all modifica...", tool:completed, step-finish, patch | [10]assistant: step-start, reasoning, tool:completed, step-finish, patch | [11]assistant: step-start, reasoning, text:"Good — 89 patched + 1 expected skip (`cr...", tool:completed, step-finish, patch | [12]assistant: step-start, reasoning, text:"I see two typos in my script — `//**` in...", tool:completed, step-finish, patch | [13]assistant: step-start, reasoning, tool:completed, tool:completed, step-finish, patch | [14]assistant: step-start, reasoning, text:"Now let me run typecheck to verify every...", tool:completed, step-finish, patch | [15]assistant: step-start, reasoning, tool:completed, step-finish, patch | [16]assistant: step-start, reasoning, text:"Typecheck passed clean. Let me do a fina...", tool:completed, tool:completed, tool:completed, step-finish, patch
[2026-07-09T01:36:30.115Z] message-hooks: post-filter, msgCount=17
[2026-07-09T01:36:30.115Z] message-hooks: about to search for OPENCODE_GENERIC
[2026-07-09T01:36:30.115Z] message-hooks: searching 17 messages for OPENCODE_GENERIC
[2026-07-09T01:36:30.115Z] message-hooks: generic search complete, found=false, index=-1
[2026-07-09T01:36:30.115Z] message-hooks: no generic part found, checking for pending prompt return
[2026-07-09T01:36:34.634Z] message-hooks: ENTRY msgCount=18, sessions=ses_0bb7f1b0cffextnswlg2vk96CI
[2026-07-09T01:36:34.634Z] message-hooks: MESSAGES: [0]user: text:""Add TSDoc doc comments to specific expo..." | [1]assistant: step-start, reasoning, tool:completed, tool:completed, step-finish, patch | [2]assistant: step-start, reasoning, tool:completed, tool:completed, tool:completed, tool:completed, tool:completed, tool:completed, tool:completed, tool:completed, tool:completed, tool:completed, step-finish, patch | [3]assistant: step-start, reasoning, tool:completed, step-finish, patch | [4]assistant: step-start, reasoning, tool:completed, tool:completed, tool:completed, tool:completed, tool:completed, tool:completed, tool:completed, tool:completed, tool:completed, tool:completed, step-finish, patch | [5]assistant: step-start, reasoning, tool:completed, tool:completed, tool:completed, tool:completed, tool:completed, tool:completed, tool:completed, tool:completed, tool:completed, tool:completed, step-finish, patch | [6]assistant: step-start, reasoning, tool:completed, tool:completed, tool:completed, tool:completed, tool:completed, tool:completed, tool:completed, tool:completed, tool:completed, step-finish, patch | [7]assistant: step-start, reasoning, text:"Now I have all the source code. This is ...", tool:completed, step-finish, patch | [8]assistant: step-start, reasoning, tool:completed, step-finish, patch | [9]assistant: step-start, reasoning, text:"Let me write a script to do all modifica...", tool:completed, step-finish, patch | [10]assistant: step-start, reasoning, tool:completed, step-finish, patch | [11]assistant: step-start, reasoning, text:"Good — 89 patched + 1 expected skip (`cr...", tool:completed, step-finish, patch | [12]assistant: step-start, reasoning, text:"I see two typos in my script — `//**` in...", tool:completed, step-finish, patch | [13]assistant: step-start, reasoning, tool:completed, tool:completed, step-finish, patch | [14]assistant: step-start, reasoning, text:"Now let me run typecheck to verify every...", tool:completed, step-finish, patch | [15]assistant: step-start, reasoning, tool:completed, step-finish, patch | [16]assistant: step-start, reasoning, text:"Typecheck passed clean. Let me do a fina...", tool:completed, tool:completed, tool:completed, step-finish, patch | [17]assistant: step-start, reasoning, tool:completed, step-finish, patch
[2026-07-09T01:36:34.634Z] message-hooks: post-filter, msgCount=18
[2026-07-09T01:36:34.634Z] message-hooks: about to search for OPENCODE_GENERIC
[2026-07-09T01:36:34.634Z] message-hooks: searching 18 messages for OPENCODE_GENERIC
[2026-07-09T01:36:34.634Z] message-hooks: generic search complete, found=false, index=-1
[2026-07-09T01:36:34.634Z] message-hooks: no generic part found, checking for pending prompt return
[2026-07-09T01:36:38.301Z] message-hooks: ENTRY msgCount=19, sessions=ses_0bb7f1b0cffextnswlg2vk96CI
[2026-07-09T01:36:38.301Z] message-hooks: MESSAGES: [0]user: text:""Add TSDoc doc comments to specific expo..." | [1]assistant: step-start, reasoning, tool:completed, tool:completed, step-finish, patch | [2]assistant: step-start, reasoning, tool:completed, tool:completed, tool:completed, tool:completed, tool:completed, tool:completed, tool:completed, tool:completed, tool:completed, tool:completed, step-finish, patch | [3]assistant: step-start, reasoning, tool:completed, step-finish, patch | [4]assistant: step-start, reasoning, tool:completed, tool:completed, tool:completed, tool:completed, tool:completed, tool:completed, tool:completed, tool:completed, tool:completed, tool:completed, step-finish, patch | [5]assistant: step-start, reasoning, tool:completed, tool:completed, tool:completed, tool:completed, tool:completed, tool:completed, tool:completed, tool:completed, tool:completed, tool:completed, step-finish, patch | [6]assistant: step-start, reasoning, tool:completed, tool:completed, tool:completed, tool:completed, tool:completed, tool:completed, tool:completed, tool:completed, tool:completed, step-finish, patch | [7]assistant: step-start, reasoning, text:"Now I have all the source code. This is ...", tool:completed, step-finish, patch | [8]assistant: step-start, reasoning, tool:completed, step-finish, patch | [9]assistant: step-start, reasoning, text:"Let me write a script to do all modifica...", tool:completed, step-finish, patch | [10]assistant: step-start, reasoning, tool:completed, step-finish, patch | [11]assistant: step-start, reasoning, text:"Good — 89 patched + 1 expected skip (`cr...", tool:completed, step-finish, patch | [12]assistant: step-start, reasoning, text:"I see two typos in my script — `//**` in...", tool:completed, step-finish, patch | [13]assistant: step-start, reasoning, tool:completed, tool:completed, step-finish, patch | [14]assistant: step-start, reasoning, text:"Now let me run typecheck to verify every...", tool:completed, step-finish, patch | [15]assistant: step-start, reasoning, tool:completed, step-finish, patch | [16]assistant: step-start, reasoning, text:"Typecheck passed clean. Let me do a fina...", tool:completed, tool:completed, tool:completed, step-finish, patch | [17]assistant: step-start, reasoning, tool:completed, step-finish, patch | [18]assistant: step-start, reasoning, tool:completed, tool:completed, step-finish, patch
[2026-07-09T01:36:38.301Z] message-hooks: post-filter, msgCount=19
[2026-07-09T01:36:38.301Z] message-hooks: about to search for OPENCODE_GENERIC
[2026-07-09T01:36:38.301Z] message-hooks: searching 19 messages for OPENCODE_GENERIC
[2026-07-09T01:36:38.301Z] message-hooks: generic search complete, found=false, index=-1
[2026-07-09T01:36:38.301Z] message-hooks: no generic part found, checking for pending prompt return
[2026-07-09T01:36:41.009Z] session.idle: sessionID=ses_0bb7f1b0cffextnswlg2vk96CI
[2026-07-09T01:37:55.218Z] message-hooks: ENTRY msgCount=21, sessions=ses_0bb7f1b0cffextnswlg2vk96CI
[2026-07-09T01:37:55.218Z] message-hooks: MESSAGES: [0]user: text:""Add TSDoc doc comments to specific expo..." | [1]assistant: step-start, reasoning, tool:completed, tool:completed, step-finish, patch | [2]assistant: step-start, reasoning, tool:completed, tool:completed, tool:completed, tool:completed, tool:completed, tool:completed, tool:completed, tool:completed, tool:completed, tool:completed, step-finish, patch | [3]assistant: step-start, reasoning, tool:completed, step-finish, patch | [4]assistant: step-start, reasoning, tool:completed, tool:completed, tool:completed, tool:completed, tool:completed, tool:completed, tool:completed, tool:completed, tool:completed, tool:completed, step-finish, patch | [5]assistant: step-start, reasoning, tool:completed, tool:completed, tool:completed, tool:completed, tool:completed, tool:completed, tool:completed, tool:completed, tool:completed, tool:completed, step-finish, patch | [6]assistant: step-start, reasoning, tool:completed, tool:completed, tool:completed, tool:completed, tool:completed, tool:completed, tool:completed, tool:completed, tool:completed, step-finish, patch | [7]assistant: step-start, reasoning, text:"Now I have all the source code. This is ...", tool:completed, step-finish, patch | [8]assistant: step-start, reasoning, tool:completed, step-finish, patch | [9]assistant: step-start, reasoning, text:"Let me write a script to do all modifica...", tool:completed, step-finish, patch | [10]assistant: step-start, reasoning, tool:completed, step-finish, patch | [11]assistant: step-start, reasoning, text:"Good — 89 patched + 1 expected skip (`cr...", tool:completed, step-finish, patch | [12]assistant: step-start, reasoning, text:"I see two typos in my script — `//**` in...", tool:completed, step-finish, patch | [13]assistant: step-start, reasoning, tool:completed, tool:completed, step-finish, patch | [14]assistant: step-start, reasoning, text:"Now let me run typecheck to verify every...", tool:completed, step-finish, patch | [15]assistant: step-start, reasoning, tool:completed, step-finish, patch | [16]assistant: step-start, reasoning, text:"Typecheck passed clean. Let me do a fina...", tool:completed, tool:completed, tool:completed, step-finish, patch | [17]assistant: step-start, reasoning, tool:completed, step-finish, patch | [18]assistant: step-start, reasoning, tool:completed, tool:completed, step-finish, patch | [19]assistant: step-start, text:"89 exports documented across 29 files. 1...", step-finish, patch | [20]user: text:"Update the tsdocs to be more specific;
/..."
[2026-07-09T01:37:55.218Z] message-hooks: post-filter, msgCount=21
[2026-07-09T01:37:55.218Z] message-hooks: about to search for OPENCODE_GENERIC
[2026-07-09T01:37:55.218Z] message-hooks: searching 21 messages for OPENCODE_GENERIC
[2026-07-09T01:37:55.218Z] message-hooks: generic search complete, found=false, index=-1
[2026-07-09T01:37:55.218Z] message-hooks: no generic part found, checking for pending prompt return
[2026-07-09T01:38:01.279Z] message-hooks: ENTRY msgCount=22, sessions=ses_0bb7f1b0cffextnswlg2vk96CI
[2026-07-09T01:38:01.279Z] message-hooks: MESSAGES: [0]user: text:""Add TSDoc doc comments to specific expo..." | [1]assistant: step-start, reasoning, tool:completed, tool:completed, step-finish, patch | [2]assistant: step-start, reasoning, tool:completed, tool:completed, tool:completed, tool:completed, tool:completed, tool:completed, tool:completed, tool:completed, tool:completed, tool:completed, step-finish, patch | [3]assistant: step-start, reasoning, tool:completed, step-finish, patch | [4]assistant: step-start, reasoning, tool:completed, tool:completed, tool:completed, tool:completed, tool:completed, tool:completed, tool:completed, tool:completed, tool:completed, tool:completed, step-finish, patch | [5]assistant: step-start, reasoning, tool:completed, tool:completed, tool:completed, tool:completed, tool:completed, tool:completed, tool:completed, tool:completed, tool:completed, tool:completed, step-finish, patch | [6]assistant: step-start, reasoning, tool:completed, tool:completed, tool:completed, tool:completed, tool:completed, tool:completed, tool:completed, tool:completed, tool:completed, step-finish, patch | [7]assistant: step-start, reasoning, text:"Now I have all the source code. This is ...", tool:completed, step-finish, patch | [8]assistant: step-start, reasoning, tool:completed, step-finish, patch | [9]assistant: step-start, reasoning, text:"Let me write a script to do all modifica...", tool:completed, step-finish, patch | [10]assistant: step-start, reasoning, tool:completed, step-finish, patch | [11]assistant: step-start, reasoning, text:"Good — 89 patched + 1 expected skip (`cr...", tool:completed, step-finish, patch | [12]assistant: step-start, reasoning, text:"I see two typos in my script — `//**` in...", tool:completed, step-finish, patch | [13]assistant: step-start, reasoning, tool:completed, tool:completed, step-finish, patch | [14]assistant: step-start, reasoning, text:"Now let me run typecheck to verify every...", tool:completed, step-finish, patch | [15]assistant: step-start, reasoning, tool:completed, step-finish, patch | [16]assistant: step-start, reasoning, text:"Typecheck passed clean. Let me do a fina...", tool:completed, tool:completed, tool:completed, step-finish, patch | [17]assistant: step-start, reasoning, tool:completed, step-finish, patch | [18]assistant: step-start, reasoning, tool:completed, tool:completed, step-finish, patch | [19]assistant: step-start, text:"89 exports documented across 29 files. 1...", step-finish, patch | [20]user: text:"Update the tsdocs to be more specific;
/..." | [21]assistant: step-start, reasoning, tool:completed, step-finish, patch
[2026-07-09T01:38:01.279Z] message-hooks: post-filter, msgCount=22
[2026-07-09T01:38:01.279Z] message-hooks: about to search for OPENCODE_GENERIC
[2026-07-09T01:38:01.279Z] message-hooks: searching 22 messages for OPENCODE_GENERIC
[2026-07-09T01:38:01.279Z] message-hooks: generic search complete, found=false, index=-1
[2026-07-09T01:38:01.279Z] message-hooks: no generic part found, checking for pending prompt return
